C:\USERS\RESTIA\DOCUMENTS\VISUAL STUDIO 2012\PROJECTS\ALLEGRO-ALPHA\ALLEGRO-ALPHA\DEBUG\MAIN.OBJ
C:\USERS\RESTIA\DOCUMENTS\VISUAL STUDIO 2012\PROJECTS\ALLEGRO-ALPHA\ALLEGRO-ALPHA\DEBUG\VC110.PDB
C:\USERS\RESTIA\DOCUMENTS\VISUAL STUDIO 2012\PROJECTS\ALLEGRO-ALPHA\ALLEGRO-ALPHA\DEBUG\GRAPHICSCORE.OBJ
C:\USERS\RESTIA\DOCUMENTS\VISUAL STUDIO 2012\PROJECTS\ALLEGRO-ALPHA\ALLEGRO-ALPHA\DEBUG\GAME.OBJ
C:\USERS\RESTIA\DOCUMENTS\VISUAL STUDIO 2012\PROJECTS\ALLEGRO-ALPHA\ALLEGRO-ALPHA\DEBUG\GAMEPLAY.OBJ
C:\USERS\RESTIA\DOCUMENTS\VISUAL STUDIO 2012\PROJECTS\ALLEGRO-ALPHA\ALLEGRO-ALPHA\DEBUG\MISC.OBJ
C:\USERS\RESTIA\DOCUMENTS\VISUAL STUDIO 2012\PROJECTS\ALLEGRO-ALPHA\ALLEGRO-ALPHA\DEBUG\LOGPANELS.OBJ
C:\USERS\RESTIA\DOCUMENTS\VISUAL STUDIO 2012\PROJECTS\ALLEGRO-ALPHA\DEBUG\ALLEGRO-ALPHA.ILK
C:\USERS\RESTIA\DOCUMENTS\VISUAL STUDIO 2012\PROJECTS\ALLEGRO-ALPHA\DEBUG\ALLEGRO-ALPHA.EXE
C:\USERS\RESTIA\DOCUMENTS\VISUAL STUDIO 2012\PROJECTS\ALLEGRO-ALPHA\DEBUG\ALLEGRO-ALPHA.PDB
C:\Users\RESTIA\documents\visual studio 2012\Projects\allegro-alpha\allegro-alpha\Debug\Game.obj
C:\Users\RESTIA\documents\visual studio 2012\Projects\allegro-alpha\allegro-alpha\Debug\GamePlay.obj
C:\Users\RESTIA\documents\visual studio 2012\Projects\allegro-alpha\allegro-alpha\Debug\GraphicsCore.obj
C:\Users\RESTIA\documents\visual studio 2012\Projects\allegro-alpha\allegro-alpha\Debug\LogPanels.obj
C:\Users\RESTIA\documents\visual studio 2012\Projects\allegro-alpha\allegro-alpha\Debug\main.obj
C:\Users\RESTIA\documents\visual studio 2012\Projects\allegro-alpha\allegro-alpha\Debug\Misc.obj
C:\Users\RESTIA\documents\visual studio 2012\Projects\allegro-alpha\allegro-alpha\Debug\cl.command.1.tlog
C:\Users\RESTIA\documents\visual studio 2012\Projects\allegro-alpha\allegro-alpha\Debug\CL.read.1.tlog
C:\Users\RESTIA\documents\visual studio 2012\Projects\allegro-alpha\allegro-alpha\Debug\CL.write.1.tlog
C:\Users\RESTIA\documents\visual studio 2012\Projects\allegro-alpha\allegro-alpha\Debug\link-cvtres.read.1.tlog
C:\Users\RESTIA\documents\visual studio 2012\Projects\allegro-alpha\allegro-alpha\Debug\link-cvtres.write.1.tlog
C:\Users\RESTIA\documents\visual studio 2012\Projects\allegro-alpha\allegro-alpha\Debug\link-rc.read.1.tlog
C:\Users\RESTIA\documents\visual studio 2012\Projects\allegro-alpha\allegro-alpha\Debug\link-rc.write.1.tlog
C:\Users\RESTIA\documents\visual studio 2012\Projects\allegro-alpha\allegro-alpha\Debug\link.11764-cvtres.read.1.tlog
C:\Users\RESTIA\documents\visual studio 2012\Projects\allegro-alpha\allegro-alpha\Debug\link.11764-cvtres.write.1.tlog
C:\Users\RESTIA\documents\visual studio 2012\Projects\allegro-alpha\allegro-alpha\Debug\link.11764-rc.read.1.tlog
C:\Users\RESTIA\documents\visual studio 2012\Projects\allegro-alpha\allegro-alpha\Debug\link.11764-rc.write.1.tlog
C:\Users\RESTIA\documents\visual studio 2012\Projects\allegro-alpha\allegro-alpha\Debug\link.11764.read.1.tlog
C:\Users\RESTIA\documents\visual studio 2012\Projects\allegro-alpha\allegro-alpha\Debug\link.11764.write.1.tlog
C:\Users\RESTIA\documents\visual studio 2012\Projects\allegro-alpha\allegro-alpha\Debug\link.2392-cvtres.read.1.tlog
C:\Users\RESTIA\documents\visual studio 2012\Projects\allegro-alpha\allegro-alpha\Debug\link.2392-cvtres.write.1.tlog
C:\Users\RESTIA\documents\visual studio 2012\Projects\allegro-alpha\allegro-alpha\Debug\link.2392-rc.read.1.tlog
C:\Users\RESTIA\documents\visual studio 2012\Projects\allegro-alpha\allegro-alpha\Debug\link.2392-rc.write.1.tlog
C:\Users\RESTIA\documents\visual studio 2012\Projects\allegro-alpha\allegro-alpha\Debug\link.2392.read.1.tlog
C:\Users\RESTIA\documents\visual studio 2012\Projects\allegro-alpha\allegro-alpha\Debug\link.2392.write.1.tlog
C:\Users\RESTIA\documents\visual studio 2012\Projects\allegro-alpha\allegro-alpha\Debug\link.4344-cvtres.read.1.tlog
C:\Users\RESTIA\documents\visual studio 2012\Projects\allegro-alpha\allegro-alpha\Debug\link.4344-cvtres.write.1.tlog
C:\Users\RESTIA\documents\visual studio 2012\Projects\allegro-alpha\allegro-alpha\Debug\link.4344-rc.read.1.tlog
C:\Users\RESTIA\documents\visual studio 2012\Projects\allegro-alpha\allegro-alpha\Debug\link.4344-rc.write.1.tlog
C:\Users\RESTIA\documents\visual studio 2012\Projects\allegro-alpha\allegro-alpha\Debug\link.4344.read.1.tlog
C:\Users\RESTIA\documents\visual studio 2012\Projects\allegro-alpha\allegro-alpha\Debug\link.4344.write.1.tlog
C:\Users\RESTIA\documents\visual studio 2012\Projects\allegro-alpha\allegro-alpha\Debug\link.4984-cvtres.read.1.tlog
C:\Users\RESTIA\documents\visual studio 2012\Projects\allegro-alpha\allegro-alpha\Debug\link.4984-cvtres.write.1.tlog
C:\Users\RESTIA\documents\visual studio 2012\Projects\allegro-alpha\allegro-alpha\Debug\link.4984-rc.read.1.tlog
C:\Users\RESTIA\documents\visual studio 2012\Projects\allegro-alpha\allegro-alpha\Debug\link.4984-rc.write.1.tlog
C:\Users\RESTIA\documents\visual studio 2012\Projects\allegro-alpha\allegro-alpha\Debug\link.4984.read.1.tlog
C:\Users\RESTIA\documents\visual studio 2012\Projects\allegro-alpha\allegro-alpha\Debug\link.4984.write.1.tlog
C:\Users\RESTIA\documents\visual studio 2012\Projects\allegro-alpha\allegro-alpha\Debug\link.6108-cvtres.read.1.tlog
C:\Users\RESTIA\documents\visual studio 2012\Projects\allegro-alpha\allegro-alpha\Debug\link.6108-cvtres.write.1.tlog
C:\Users\RESTIA\documents\visual studio 2012\Projects\allegro-alpha\allegro-alpha\Debug\link.6108-rc.read.1.tlog
C:\Users\RESTIA\documents\visual studio 2012\Projects\allegro-alpha\allegro-alpha\Debug\link.6108-rc.write.1.tlog
C:\Users\RESTIA\documents\visual studio 2012\Projects\allegro-alpha\allegro-alpha\Debug\link.6108.read.1.tlog
C:\Users\RESTIA\documents\visual studio 2012\Projects\allegro-alpha\allegro-alpha\Debug\link.6108.write.1.tlog
C:\Users\RESTIA\documents\visual studio 2012\Projects\allegro-alpha\allegro-alpha\Debug\link.6332-cvtres.read.1.tlog
C:\Users\RESTIA\documents\visual studio 2012\Projects\allegro-alpha\allegro-alpha\Debug\link.6332-cvtres.write.1.tlog
C:\Users\RESTIA\documents\visual studio 2012\Projects\allegro-alpha\allegro-alpha\Debug\link.6332-rc.read.1.tlog
C:\Users\RESTIA\documents\visual studio 2012\Projects\allegro-alpha\allegro-alpha\Debug\link.6332-rc.write.1.tlog
C:\Users\RESTIA\documents\visual studio 2012\Projects\allegro-alpha\allegro-alpha\Debug\link.6332.read.1.tlog
C:\Users\RESTIA\documents\visual studio 2012\Projects\allegro-alpha\allegro-alpha\Debug\link.6332.write.1.tlog
C:\Users\RESTIA\documents\visual studio 2012\Projects\allegro-alpha\allegro-alpha\Debug\link.6492-cvtres.read.1.tlog
C:\Users\RESTIA\documents\visual studio 2012\Projects\allegro-alpha\allegro-alpha\Debug\link.6492-cvtres.write.1.tlog
C:\Users\RESTIA\documents\visual studio 2012\Projects\allegro-alpha\allegro-alpha\Debug\link.6492-rc.read.1.tlog
C:\Users\RESTIA\documents\visual studio 2012\Projects\allegro-alpha\allegro-alpha\Debug\link.6492-rc.write.1.tlog
C:\Users\RESTIA\documents\visual studio 2012\Projects\allegro-alpha\allegro-alpha\Debug\link.6492.read.1.tlog
C:\Users\RESTIA\documents\visual studio 2012\Projects\allegro-alpha\allegro-alpha\Debug\link.6492.write.1.tlog
C:\Users\RESTIA\documents\visual studio 2012\Projects\allegro-alpha\allegro-alpha\Debug\link.8552-cvtres.read.1.tlog
C:\Users\RESTIA\documents\visual studio 2012\Projects\allegro-alpha\allegro-alpha\Debug\link.8552-cvtres.write.1.tlog
C:\Users\RESTIA\documents\visual studio 2012\Projects\allegro-alpha\allegro-alpha\Debug\link.8552-rc.read.1.tlog
C:\Users\RESTIA\documents\visual studio 2012\Projects\allegro-alpha\allegro-alpha\Debug\link.8552-rc.write.1.tlog
C:\Users\RESTIA\documents\visual studio 2012\Projects\allegro-alpha\allegro-alpha\Debug\link.8552.read.1.tlog
C:\Users\RESTIA\documents\visual studio 2012\Projects\allegro-alpha\allegro-alpha\Debug\link.8552.write.1.tlog
C:\Users\RESTIA\documents\visual studio 2012\Projects\allegro-alpha\allegro-alpha\Debug\link.9352-cvtres.read.1.tlog
C:\Users\RESTIA\documents\visual studio 2012\Projects\allegro-alpha\allegro-alpha\Debug\link.9352-cvtres.write.1.tlog
C:\Users\RESTIA\documents\visual studio 2012\Projects\allegro-alpha\allegro-alpha\Debug\link.9352-rc.read.1.tlog
C:\Users\RESTIA\documents\visual studio 2012\Projects\allegro-alpha\allegro-alpha\Debug\link.9352-rc.write.1.tlog
C:\Users\RESTIA\documents\visual studio 2012\Projects\allegro-alpha\allegro-alpha\Debug\link.9352.read.1.tlog
C:\Users\RESTIA\documents\visual studio 2012\Projects\allegro-alpha\allegro-alpha\Debug\link.9352.write.1.tlog
C:\Users\RESTIA\documents\visual studio 2012\Projects\allegro-alpha\allegro-alpha\Debug\link.command.1.tlog
C:\Users\RESTIA\documents\visual studio 2012\Projects\allegro-alpha\allegro-alpha\Debug\link.read.1.tlog
C:\Users\RESTIA\documents\visual studio 2012\Projects\allegro-alpha\allegro-alpha\Debug\link.write.1.tlog
C:\Users\RESTIA\documents\visual studio 2012\Projects\allegro-alpha\allegro-alpha\Debug\vc110.idb
C:\Users\RESTIA\documents\visual studio 2012\Projects\allegro-alpha\allegro-alpha\Debug\vc110.pdb
C:\Users\RESTIA\documents\visual studio 2012\Projects\allegro-alpha\Debug\allegro-alpha.pdb
C:\Users\RESTIA\documents\visual studio 2012\Projects\allegro-alpha\Debug\allegro-alpha.exe
C:\Users\RESTIA\documents\visual studio 2012\Projects\allegro-alpha\Debug\allegro-alpha.ilk
