Build started 3/12/2014 10:52:51 PM.
     1>Project "C:\Users\RESTIA\documents\visual studio 2012\Projects\allegro-alpha\allegro-alpha\allegro-alpha.vcxproj" on node 2 (Build target(s)).
     1>ClCompile:
         C:\Program Files (x86)\Microsoft Visual Studio 11.0\VC\bin\CL.exe /c /IC:\allegro\include /ZI /nologo /W3 /WX- /Od /Oy- /D WIN32 /D _DEBUG /D _CONSOLE /D _UNICODE /D UNICODE /Gm /EHsc /RTC1 /MDd /GS /fp:precise /Zc:wchar_t /Zc:forScope /Fo"Debug\\" /Fd"Debug\vc110.pdb" /Gd /TP /analyze- /errorReport:prompt Map.cpp
         Map.cpp
       Link:
         C:\Program Files (x86)\Microsoft Visual Studio 11.0\VC\bin\link.exe /ERRORREPORT:PROMPT /OUT:"C:\Users\RESTIA\documents\visual studio 2012\Projects\allegro-alpha\Debug\allegro-alpha.exe" /INCREMENTAL /NOLOGO /LIBPATH:C:\allegro\lib "allegro-5.0.10-monolith-md-debug.lib" kernel32.lib user32.lib gdi32.lib winspool.lib comdlg32.lib advapi32.lib shell32.lib ole32.lib oleaut32.lib uuid.lib odbc32.lib odbccp32.lib /MANIFEST /MANIFESTUAC:"level='asInvoker' uiAccess='false'" /manifest:embed /DEBUG /PDB:"C:\Users\RESTIA\documents\visual studio 2012\Projects\allegro-alpha\Debug\allegro-alpha.pdb" /SUBSYSTEM:CONSOLE /TLBID:1 /DYNAMICBASE /NXCOMPAT /IMPLIB:"C:\Users\RESTIA\documents\visual studio 2012\Projects\allegro-alpha\Debug\allegro-alpha.lib" /MACHINE:X86 "Debug\A-star.obj"
         Debug\Game.obj
         Debug\GamePlay.obj
         Debug\GraphicsCore.obj
         Debug\Grid.obj
         Debug\LogPanels.obj
         Debug\main.obj
         Debug\Map.obj
         Debug\MinHeap.obj
         Debug\Misc.obj
         allegro-alpha.vcxproj -> C:\Users\RESTIA\documents\visual studio 2012\Projects\allegro-alpha\Debug\allegro-alpha.exe
     1>Done Building Project "C:\Users\RESTIA\documents\visual studio 2012\Projects\allegro-alpha\allegro-alpha\allegro-alpha.vcxproj" (Build target(s)).

Build succeeded.

Time Elapsed 00:00:02.71
