Build started 3/13/2014 4:23:03 PM.
     1>Project "C:\Users\RESTIA\Documents\Visual Studio 2012\Projects\rectgrid-pathfinding\rectgrid-pathfinding\rectgrid-pathfinding.vcxproj" on node 2 (Build target(s)).
     1>ClCompile:
         C:\Program Files (x86)\Microsoft Visual Studio 11.0\VC\bin\CL.exe /c /IC:\allegro\include /ZI /nologo /W3 /WX- /Od /Oy- /D WIN32 /D _DEBUG /D _CONSOLE /D _UNICODE /D UNICODE /Gm /EHsc /RTC1 /MDd /GS /fp:precise /Zc:wchar_t /Zc:forScope /Fo"Debug\\" /Fd"Debug\vc110.pdb" /Gd /TP /analyze- /errorReport:prompt "A-star.cpp" Game.cpp GamePlay.cpp GraphicsCore.cpp Grid.cpp LogPanels.cpp main.cpp Map.cpp MinHeap.cpp Misc.cpp
         Misc.cpp
     1>c:\users\restia\documents\visual studio 2012\projects\rectgrid-pathfinding\rectgrid-pathfinding\misc.cpp(37): warning C4996: 'strcpy': This function or variable may be unsafe. Consider using strcpy_s instead. To disable deprecation, use _CRT_SECURE_NO_WARNINGS. See online help for details.
                 c:\program files (x86)\microsoft visual studio 11.0\vc\include\string.h(110) : see declaration of 'strcpy'
     1>c:\users\restia\documents\visual studio 2012\projects\rectgrid-pathfinding\rectgrid-pathfinding\misc.cpp(38): warning C4996: 'strcat': This function or variable may be unsafe. Consider using strcat_s instead. To disable deprecation, use _CRT_SECURE_NO_WARNINGS. See online help for details.
                 c:\program files (x86)\microsoft visual studio 11.0\vc\include\string.h(115) : see declaration of 'strcat'
     1>c:\users\restia\documents\visual studio 2012\projects\rectgrid-pathfinding\rectgrid-pathfinding\misc.cpp(39): warning C4996: 'strcpy': This function or variable may be unsafe. Consider using strcpy_s instead. To disable deprecation, use _CRT_SECURE_NO_WARNINGS. See online help for details.
                 c:\program files (x86)\microsoft visual studio 11.0\vc\include\string.h(110) : see declaration of 'strcpy'
         MinHeap.cpp
         Map.cpp
         main.cpp
         LogPanels.cpp
         Grid.cpp
         GraphicsCore.cpp
         GamePlay.cpp
         Game.cpp
         A-star.cpp
         Generating Code...
       Link:
         C:\Program Files (x86)\Microsoft Visual Studio 11.0\VC\bin\link.exe /ERRORREPORT:PROMPT /OUT:"C:\Users\RESTIA\Documents\Visual Studio 2012\Projects\rectgrid-pathfinding\Debug\rectgrid-pathfinding.exe" /INCREMENTAL /NOLOGO /LIBPATH:C:\allegro\lib "allegro-5.0.10-monolith-md-debug.lib" kernel32.lib user32.lib gdi32.lib winspool.lib comdlg32.lib advapi32.lib shell32.lib ole32.lib oleaut32.lib uuid.lib odbc32.lib odbccp32.lib /MANIFEST /MANIFESTUAC:"level='asInvoker' uiAccess='false'" /manifest:embed /DEBUG /PDB:"C:\Users\RESTIA\Documents\Visual Studio 2012\Projects\rectgrid-pathfinding\Debug\rectgrid-pathfinding.pdb" /SUBSYSTEM:CONSOLE /TLBID:1 /DYNAMICBASE /NXCOMPAT /IMPLIB:"C:\Users\RESTIA\Documents\Visual Studio 2012\Projects\rectgrid-pathfinding\Debug\rectgrid-pathfinding.lib" /MACHINE:X86 "Debug\A-star.obj"
         Debug\Game.obj
         Debug\GamePlay.obj
         Debug\GraphicsCore.obj
         Debug\Grid.obj
         Debug\LogPanels.obj
         Debug\main.obj
         Debug\Map.obj
         Debug\MinHeap.obj
         Debug\Misc.obj
         rectgrid-pathfinding.vcxproj -> C:\Users\RESTIA\Documents\Visual Studio 2012\Projects\rectgrid-pathfinding\Debug\rectgrid-pathfinding.exe
     1>Done Building Project "C:\Users\RESTIA\Documents\Visual Studio 2012\Projects\rectgrid-pathfinding\rectgrid-pathfinding\rectgrid-pathfinding.vcxproj" (Build target(s)).

Build succeeded.

Time Elapsed 00:00:15.62
